<?xml version="1.0" encoding="UTF-8"?>
<!-- Generated by org.testng.reporters.JUnitXMLReporter -->
<testsuite hostname="DESKTOP-B1AQU68" ignored="0" tests="4" failures="0" timestamp="17 Dec 2020 10:55:27 GMT" time="93.377" errors="0">
  <testcase name="DataProvider" time="21.527" classname="OnlineShop"/>
  <testcase name="DataProvider" time="18.081" classname="OnlineShop"/>
  <testcase name="DataProvider" time="28.753" classname="OnlineShop"/>
  <testcase name="DataProvider" time="16.959" classname="OnlineShop"/>
</testsuite>
